<?xml version="1.0" encoding="UTF-8"?>
<testng-results ignored="0" total="0" passed="0" failed="0" skipped="0">
  <reporter-output>
  </reporter-output>
  <suite started-at="2020-06-29T00:44:31Z" name="Surefire suite" finished-at="2020-06-29T00:45:16Z" duration-ms="45369">
    <groups>
    </groups>
    <test started-at="2020-06-29T00:44:31Z" name="Surefire test" finished-at="2020-06-29T00:45:16Z" duration-ms="45369">
    </test> <!-- Surefire test -->
  </suite> <!-- Surefire suite -->
</testng-results>
